<?xml version="1.0" encoding="UTF-8"?>
<!-- Generated by org.testng.reporters.JUnitReportReporter -->
<testsuite hostname="PO-4767-CCXT2" failures="0" tests="1" name="com.google.FirstTest" time="8.851" errors="0" timestamp="28 feb. 2022 17:53:59 GMT" skipped="0">
  <testcase classname="com.google.FirstTest" name="googleTest" time="8.851"/>
</testsuite> <!-- com.google.FirstTest -->
